<?xml version="1.0" encoding="UTF-8"?>
<!-- Generated by org.testng.reporters.JUnitXMLReporter -->
<testsuite hostname="letian-PC" name="Default test" tests="4" failures="0" timestamp="25 May 2015 02:31:49 GMT" time="76.629" errors="0">
  <testcase name="chkDivError" time="10.734" classname="loginAgency.IsLoginAgency"/>
  <testcase name="chkResetPwd" time="7.123" classname="loginAgency.IsLoginAgency"/>
  <testcase name="chkbtn" time="33.557" classname="loginAgency.IsLoginAgency"/>
  <testcase name="chkInlogin" time="2.54" classname="loginAgency.IsLoginAgency"/>
</testsuite> <!-- Default test -->
