<?xml version="1.0" encoding="UTF-8"?>
<!-- Generated by org.testng.reporters.JUnitXMLReporter -->
<testsuite hostname="letian-PC" name="Default test" tests="3" failures="0" timestamp="9 Apr 2015 09:26:52 GMT" time="12.036" errors="0">
  <testcase name="checkBtn" time="5.274" classname="loginagency.LoginAgency"/>
  <testcase name="checkSix" time="0.779" classname="loginagency.LoginAgency"/>
  <testcase name="checkValue" time="0.194" classname="loginagency.LoginAgency"/>
</testsuite> <!-- Default test -->
