<?xml version="1.0" encoding="UTF-8"?>
<testng-results skipped="0" failed="0" total="2" passed="2">
  <reporter-output>
  </reporter-output>
  <suite name="Default suite" duration-ms="7584" started-at="2015-04-07T09:30:41Z" finished-at="2015-04-07T09:30:49Z">
    <groups>
    </groups>
    <test name="Default test" duration-ms="7584" started-at="2015-04-07T09:30:41Z" finished-at="2015-04-07T09:30:49Z">
      <class name="loginagency.LoginAgency">
        <test-method status="PASS" signature="loginInialize()[pri:0, instance:loginagency.LoginAgency@1dd92fe2]" name="loginInialize" is-config="true" duration-ms="2998" started-at="2015-04-07T17:30:41Z" finished-at="2015-04-07T17:30:44Z">
          <reporter-output>
          </reporter-output>
        </test-method> <!-- loginInialize -->
        <test-method status="PASS" signature="checkSix()[pri:0, instance:loginagency.LoginAgency@1dd92fe2]" name="checkSix" duration-ms="66" started-at="2015-04-07T17:30:44Z" finished-at="2015-04-07T17:30:44Z">
          <reporter-output>
          </reporter-output>
        </test-method> <!-- checkSix -->
        <test-method status="PASS" signature="checkValue()[pri:0, instance:loginagency.LoginAgency@1dd92fe2]" name="checkValue" duration-ms="4505" started-at="2015-04-07T17:30:44Z" finished-at="2015-04-07T17:30:49Z">
          <reporter-output>
          </reporter-output>
        </test-method> <!-- checkValue -->
      </class> <!-- loginagency.LoginAgency -->
    </test> <!-- Default test -->
  </suite> <!-- Default suite -->
</testng-results>
